2017-06-23 20:32:58.649  INFO 15328 --- [main] com.swy.DemoDockerApplication            : Starting DemoDockerApplication on SWY with PID 15328 (E:\mywork\spring-boot\demo-docker\target\classes started by lenovo in E:\mywork\spring-boot\demo-docker)
2017-06-23 20:32:58.649  INFO 15328 --- [main] com.swy.DemoDockerApplication            : Starting DemoDockerApplication on SWY with PID 15328 (E:\mywork\spring-boot\demo-docker\target\classes started by lenovo in E:\mywork\spring-boot\demo-docker)
2017-06-23 20:32:58.656  INFO 15328 --- [main] com.swy.DemoDockerApplication            : No active profile set, falling back to default profiles: default
2017-06-23 20:32:58.656  INFO 15328 --- [main] com.swy.DemoDockerApplication            : No active profile set, falling back to default profiles: default
2017-06-23 20:32:58.750  INFO 15328 --- [main] ationConfigEmbeddedWebApplicationContext : Refreshing org.springframework.boot.context.embedded.AnnotationConfigEmbeddedWebApplicationContext@12d4bf7e: startup date [Fri Jun 23 20:32:58 CST 2017]; root of context hierarchy
2017-06-23 20:33:00.500  INFO 15328 --- [main] s.b.c.e.t.TomcatEmbeddedServletContainer : Tomcat initialized with port(s): 8888 (http)
2017-06-23 20:33:00.521  INFO 15328 --- [main] o.apache.catalina.core.StandardService   : Starting service [Tomcat]
2017-06-23 20:33:00.523  INFO 15328 --- [main] org.apache.catalina.core.StandardEngine  : Starting Servlet Engine: Apache Tomcat/8.5.15
2017-06-23 20:33:00.703  INFO 15328 --- [localhost-startStop-1] o.a.c.c.C.[Tomcat].[localhost].[/]       : Initializing Spring embedded WebApplicationContext
2017-06-23 20:33:00.703  INFO 15328 --- [localhost-startStop-1] o.s.web.context.ContextLoader            : Root WebApplicationContext: initialization completed in 1961 ms
2017-06-23 20:33:00.951  INFO 15328 --- [localhost-startStop-1] o.s.b.w.servlet.ServletRegistrationBean  : Mapping servlet: 'dispatcherServlet' to [/]
2017-06-23 20:33:00.956  INFO 15328 --- [localhost-startStop-1] o.s.b.w.servlet.FilterRegistrationBean   : Mapping filter: 'characterEncodingFilter' to: [/*]
2017-06-23 20:33:00.957  INFO 15328 --- [localhost-startStop-1] o.s.b.w.servlet.FilterRegistrationBean   : Mapping filter: 'hiddenHttpMethodFilter' to: [/*]
2017-06-23 20:33:00.958  INFO 15328 --- [localhost-startStop-1] o.s.b.w.servlet.FilterRegistrationBean   : Mapping filter: 'httpPutFormContentFilter' to: [/*]
2017-06-23 20:33:00.958  INFO 15328 --- [localhost-startStop-1] o.s.b.w.servlet.FilterRegistrationBean   : Mapping filter: 'requestContextFilter' to: [/*]
2017-06-23 20:33:01.396  INFO 15328 --- [main] s.w.s.m.m.a.RequestMappingHandlerAdapter : Looking for @ControllerAdvice: org.springframework.boot.context.embedded.AnnotationConfigEmbeddedWebApplicationContext@12d4bf7e: startup date [Fri Jun 23 20:32:58 CST 2017]; root of context hierarchy
2017-06-23 20:33:01.482  INFO 15328 --- [main] s.w.s.m.m.a.RequestMappingHandlerMapping : Mapped "{[/error]}" onto public org.springframework.http.ResponseEntity<java.util.Map<java.lang.String, java.lang.Object>> org.springframework.boot.autoconfigure.web.BasicErrorController.error(javax.servlet.http.HttpServletRequest)
2017-06-23 20:33:01.484  INFO 15328 --- [main] s.w.s.m.m.a.RequestMappingHandlerMapping : Mapped "{[/error],produces=[text/html]}" onto public org.springframework.web.servlet.ModelAndView org.springframework.boot.autoconfigure.web.BasicErrorController.errorHtml(javax.servlet.http.HttpServletRequest,javax.servlet.http.HttpServletResponse)
2017-06-23 20:33:01.525  INFO 15328 --- [main] o.s.w.s.handler.SimpleUrlHandlerMapping  : Mapped URL path [/webjars/**] onto handler of type [class org.springframework.web.servlet.resource.ResourceHttpRequestHandler]
2017-06-23 20:33:01.525  INFO 15328 --- [main] o.s.w.s.handler.SimpleUrlHandlerMapping  : Mapped URL path [/**] onto handler of type [class org.springframework.web.servlet.resource.ResourceHttpRequestHandler]
2017-06-23 20:33:01.569  INFO 15328 --- [main] o.s.w.s.handler.SimpleUrlHandlerMapping  : Mapped URL path [/**/favicon.ico] onto handler of type [class org.springframework.web.servlet.resource.ResourceHttpRequestHandler]
2017-06-23 20:33:01.611  INFO 15328 --- [main] oConfiguration$WelcomePageHandlerMapping : Adding welcome page: class path resource [static/index.html]
2017-06-23 20:33:01.788  INFO 15328 --- [main] o.s.j.e.a.AnnotationMBeanExporter        : Registering beans for JMX exposure on startup
2017-06-23 20:33:01.893  INFO 15328 --- [main] s.b.c.e.t.TomcatEmbeddedServletContainer : Tomcat started on port(s): 8888 (http)
2017-06-23 20:33:01.899  INFO 15328 --- [main] com.swy.DemoDockerApplication            : Started DemoDockerApplication in 3.88 seconds (JVM running for 4.983)
2017-06-23 20:33:01.899  INFO 15328 --- [main] com.swy.DemoDockerApplication            : Started DemoDockerApplication in 3.88 seconds (JVM running for 4.983)
2017-06-23 20:33:27.325  INFO 15328 --- [http-nio-8888-exec-1] o.a.c.c.C.[Tomcat].[localhost].[/]       : Initializing Spring FrameworkServlet 'dispatcherServlet'
2017-06-23 20:33:27.326  INFO 15328 --- [http-nio-8888-exec-1] o.s.web.servlet.DispatcherServlet        : FrameworkServlet 'dispatcherServlet': initialization started
2017-06-23 20:33:27.354  INFO 15328 --- [http-nio-8888-exec-1] o.s.web.servlet.DispatcherServlet        : FrameworkServlet 'dispatcherServlet': initialization completed in 28 ms
2017-06-23 20:33:52.258  INFO 6820 --- [main] com.swy.DemoDockerApplicationTests       : Starting DemoDockerApplicationTests on SWY with PID 6820 (started by lenovo in E:\mywork\spring-boot\demo-docker)
2017-06-23 20:33:52.258  INFO 6820 --- [main] com.swy.DemoDockerApplicationTests       : Starting DemoDockerApplicationTests on SWY with PID 6820 (started by lenovo in E:\mywork\spring-boot\demo-docker)
2017-06-23 20:33:52.260  INFO 6820 --- [main] com.swy.DemoDockerApplicationTests       : No active profile set, falling back to default profiles: default
2017-06-23 20:33:52.260  INFO 6820 --- [main] com.swy.DemoDockerApplicationTests       : No active profile set, falling back to default profiles: default
2017-06-23 20:33:52.338  INFO 6820 --- [main] o.s.w.c.s.GenericWebApplicationContext   : Refreshing org.springframework.web.context.support.GenericWebApplicationContext@fba92d3: startup date [Fri Jun 23 20:33:52 CST 2017]; root of context hierarchy
2017-06-23 20:33:55.232  INFO 6820 --- [main] s.w.s.m.m.a.RequestMappingHandlerAdapter : Looking for @ControllerAdvice: org.springframework.web.context.support.GenericWebApplicationContext@fba92d3: startup date [Fri Jun 23 20:33:52 CST 2017]; root of context hierarchy
2017-06-23 20:33:55.337  INFO 6820 --- [main] s.w.s.m.m.a.RequestMappingHandlerMapping : Mapped "{[/error]}" onto public org.springframework.http.ResponseEntity<java.util.Map<java.lang.String, java.lang.Object>> org.springframework.boot.autoconfigure.web.BasicErrorController.error(javax.servlet.http.HttpServletRequest)
2017-06-23 20:33:55.338  INFO 6820 --- [main] s.w.s.m.m.a.RequestMappingHandlerMapping : Mapped "{[/error],produces=[text/html]}" onto public org.springframework.web.servlet.ModelAndView org.springframework.boot.autoconfigure.web.BasicErrorController.errorHtml(javax.servlet.http.HttpServletRequest,javax.servlet.http.HttpServletResponse)
2017-06-23 20:33:55.385  INFO 6820 --- [main] o.s.w.s.handler.SimpleUrlHandlerMapping  : Mapped URL path [/webjars/**] onto handler of type [class org.springframework.web.servlet.resource.ResourceHttpRequestHandler]
2017-06-23 20:33:55.385  INFO 6820 --- [main] o.s.w.s.handler.SimpleUrlHandlerMapping  : Mapped URL path [/**] onto handler of type [class org.springframework.web.servlet.resource.ResourceHttpRequestHandler]
2017-06-23 20:33:55.436  INFO 6820 --- [main] o.s.w.s.handler.SimpleUrlHandlerMapping  : Mapped URL path [/**/favicon.ico] onto handler of type [class org.springframework.web.servlet.resource.ResourceHttpRequestHandler]
2017-06-23 20:33:55.480  INFO 6820 --- [main] oConfiguration$WelcomePageHandlerMapping : Adding welcome page: ServletContext resource [/index.html]
2017-06-23 20:33:55.700  INFO 6820 --- [main] com.swy.DemoDockerApplicationTests       : Started DemoDockerApplicationTests in 3.962 seconds (JVM running for 5.128)
2017-06-23 20:33:55.700  INFO 6820 --- [main] com.swy.DemoDockerApplicationTests       : Started DemoDockerApplicationTests in 3.962 seconds (JVM running for 5.128)
2017-06-23 20:33:55.869  INFO 6820 --- [Thread-2] o.s.w.c.s.GenericWebApplicationContext   : Closing org.springframework.web.context.support.GenericWebApplicationContext@fba92d3: startup date [Fri Jun 23 20:33:52 CST 2017]; root of context hierarchy
2017-06-29 14:58:16.788  INFO 15328 --- [RMI TCP Connection(2)-127.0.0.1] inMXBeanRegistrar$SpringApplicationAdmin : Application shutdown requested.
2017-06-29 14:58:16.806  INFO 15328 --- [RMI TCP Connection(2)-127.0.0.1] ationConfigEmbeddedWebApplicationContext : Closing org.springframework.boot.context.embedded.AnnotationConfigEmbeddedWebApplicationContext@12d4bf7e: startup date [Fri Jun 23 20:32:58 CST 2017]; root of context hierarchy
2017-06-29 14:58:16.894  INFO 15328 --- [RMI TCP Connection(2)-127.0.0.1] o.s.j.e.a.AnnotationMBeanExporter        : Unregistering JMX-exposed beans on shutdown
2017-07-30 18:44:06.843  INFO 6820 --- [main] com.swy.DemoDockerApplication            : Starting DemoDockerApplication on DESKTOP-9THOBA6 with PID 6820 (D:\workspace\spring-boot\demo-docker\target\classes started by think in D:\workspace\spring-boot\demo-docker)
2017-07-30 18:44:06.843  INFO 6820 --- [main] com.swy.DemoDockerApplication            : Starting DemoDockerApplication on DESKTOP-9THOBA6 with PID 6820 (D:\workspace\spring-boot\demo-docker\target\classes started by think in D:\workspace\spring-boot\demo-docker)
2017-07-30 18:44:06.847  INFO 6820 --- [main] com.swy.DemoDockerApplication            : No active profile set, falling back to default profiles: default
2017-07-30 18:44:06.847  INFO 6820 --- [main] com.swy.DemoDockerApplication            : No active profile set, falling back to default profiles: default
2017-07-30 18:44:06.900  INFO 6820 --- [main] ationConfigEmbeddedWebApplicationContext : Refreshing org.springframework.boot.context.embedded.AnnotationConfigEmbeddedWebApplicationContext@7ff95560: startup date [Sun Jul 30 18:44:06 CST 2017]; root of context hierarchy
2017-07-30 18:44:07.843  INFO 6820 --- [main] s.b.c.e.t.TomcatEmbeddedServletContainer : Tomcat initialized with port(s): 8888 (http)
2017-07-30 18:44:07.853  INFO 6820 --- [main] o.apache.catalina.core.StandardService   : Starting service [Tomcat]
2017-07-30 18:44:07.854  INFO 6820 --- [main] org.apache.catalina.core.StandardEngine  : Starting Servlet Engine: Apache Tomcat/8.5.15
2017-07-30 18:44:07.920  INFO 6820 --- [localhost-startStop-1] o.a.c.c.C.[Tomcat].[localhost].[/]       : Initializing Spring embedded WebApplicationContext
2017-07-30 18:44:07.921  INFO 6820 --- [localhost-startStop-1] o.s.web.context.ContextLoader            : Root WebApplicationContext: initialization completed in 1025 ms
2017-07-30 18:44:08.011  INFO 6820 --- [localhost-startStop-1] o.s.b.w.servlet.ServletRegistrationBean  : Mapping servlet: 'dispatcherServlet' to [/]
2017-07-30 18:44:08.016  INFO 6820 --- [localhost-startStop-1] o.s.b.w.servlet.FilterRegistrationBean   : Mapping filter: 'characterEncodingFilter' to: [/*]
2017-07-30 18:44:08.017  INFO 6820 --- [localhost-startStop-1] o.s.b.w.servlet.FilterRegistrationBean   : Mapping filter: 'hiddenHttpMethodFilter' to: [/*]
2017-07-30 18:44:08.017  INFO 6820 --- [localhost-startStop-1] o.s.b.w.servlet.FilterRegistrationBean   : Mapping filter: 'httpPutFormContentFilter' to: [/*]
2017-07-30 18:44:08.018  INFO 6820 --- [localhost-startStop-1] o.s.b.w.servlet.FilterRegistrationBean   : Mapping filter: 'requestContextFilter' to: [/*]
2017-07-30 18:44:08.230  INFO 6820 --- [main] s.w.s.m.m.a.RequestMappingHandlerAdapter : Looking for @ControllerAdvice: org.springframework.boot.context.embedded.AnnotationConfigEmbeddedWebApplicationContext@7ff95560: startup date [Sun Jul 30 18:44:06 CST 2017]; root of context hierarchy
2017-07-30 18:44:08.267  INFO 6820 --- [main] s.w.s.m.m.a.RequestMappingHandlerMapping : Mapped "{[/error]}" onto public org.springframework.http.ResponseEntity<java.util.Map<java.lang.String, java.lang.Object>> org.springframework.boot.autoconfigure.web.BasicErrorController.error(javax.servlet.http.HttpServletRequest)
2017-07-30 18:44:08.268  INFO 6820 --- [main] s.w.s.m.m.a.RequestMappingHandlerMapping : Mapped "{[/error],produces=[text/html]}" onto public org.springframework.web.servlet.ModelAndView org.springframework.boot.autoconfigure.web.BasicErrorController.errorHtml(javax.servlet.http.HttpServletRequest,javax.servlet.http.HttpServletResponse)
2017-07-30 18:44:08.288  INFO 6820 --- [main] o.s.w.s.handler.SimpleUrlHandlerMapping  : Mapped URL path [/webjars/**] onto handler of type [class org.springframework.web.servlet.resource.ResourceHttpRequestHandler]
2017-07-30 18:44:08.288  INFO 6820 --- [main] o.s.w.s.handler.SimpleUrlHandlerMapping  : Mapped URL path [/**] onto handler of type [class org.springframework.web.servlet.resource.ResourceHttpRequestHandler]
2017-07-30 18:44:08.308  INFO 6820 --- [main] o.s.w.s.handler.SimpleUrlHandlerMapping  : Mapped URL path [/**/favicon.ico] onto handler of type [class org.springframework.web.servlet.resource.ResourceHttpRequestHandler]
2017-07-30 18:44:08.321  INFO 6820 --- [main] oConfiguration$WelcomePageHandlerMapping : Adding welcome page: class path resource [static/index.html]
2017-07-30 18:44:08.394  INFO 6820 --- [main] o.s.j.e.a.AnnotationMBeanExporter        : Registering beans for JMX exposure on startup
2017-07-30 18:44:08.539  INFO 6820 --- [main] s.b.c.e.t.TomcatEmbeddedServletContainer : Tomcat started on port(s): 8888 (http)
2017-07-30 18:44:08.544  INFO 6820 --- [main] com.swy.DemoDockerApplication            : Started DemoDockerApplication in 1.983 seconds (JVM running for 2.848)
2017-07-30 18:44:08.544  INFO 6820 --- [main] com.swy.DemoDockerApplication            : Started DemoDockerApplication in 1.983 seconds (JVM running for 2.848)
2017-07-30 18:45:02.369  INFO 6820 --- [http-nio-8888-exec-1] o.a.c.c.C.[Tomcat].[localhost].[/]       : Initializing Spring FrameworkServlet 'dispatcherServlet'
2017-07-30 18:45:02.369  INFO 6820 --- [http-nio-8888-exec-1] o.s.web.servlet.DispatcherServlet        : FrameworkServlet 'dispatcherServlet': initialization started
2017-07-30 18:45:02.382  INFO 6820 --- [http-nio-8888-exec-1] o.s.web.servlet.DispatcherServlet        : FrameworkServlet 'dispatcherServlet': initialization completed in 13 ms
